<?xml version="1.0" encoding="UTF-8"?>
<!-- Generated by org.testng.reporters.JUnitXMLReporter -->
<testsuite hostname="ip-172-31-73-65" ignored="0" name="Test" tests="5" failures="0" timestamp="2021-06-20T03:54:13 UTC" time="4.627" errors="0">
  <testcase name="LoginTest1" time="2.703" classname="test.LoginTest"/>
  <testcase name="homepage" time="0.001" classname="test.Testcase2"/>
  <testcase name="testcase3" time="0.001" classname="test1.Testcase3"/>
  <testcase name="LoginTest" time="0.001" classname="test.Testcase1"/>
  <testcase name="SignupTest" time="0.002" classname="test.Testcase1"/>
</testsuite> <!-- Test -->
