<?xml version="1.0" encoding="UTF-8"?>
<testng-results skipped="0" failed="0" ignored="1" total="2" passed="1">
  <reporter-output>
  </reporter-output>
  <suite name="Suite" duration-ms="6947" started-at="2021-06-26T06:06:34 UTC" finished-at="2021-06-26T06:06:41 UTC">
    <groups>
    </groups>
    <test name="application" duration-ms="6947" started-at="2021-06-26T06:06:34 UTC" finished-at="2021-06-26T06:06:41 UTC">
      <class name="test.LoginTest">
        <test-method status="PASS" signature="setup()[pri:0, instance:test.LoginTest@305fd85d]" name="setup" is-config="true" duration-ms="2842" started-at="2021-06-26T06:06:34 UTC" finished-at="2021-06-26T06:06:37 UTC">
          <reporter-output>
          </reporter-output>
        </test-method> <!-- setup -->
        <test-method status="PASS" signature="LoginTest2()[pri:0, instance:test.LoginTest@305fd85d]" name="LoginTest2" duration-ms="3666" started-at="2021-06-26T06:06:37 UTC" finished-at="2021-06-26T06:06:40 UTC">
          <reporter-output>
          </reporter-output>
        </test-method> <!-- LoginTest2 -->
        <test-method status="PASS" signature="aftermethod()[pri:0, instance:test.LoginTest@305fd85d]" name="aftermethod" is-config="true" duration-ms="379" started-at="2021-06-26T06:06:40 UTC" finished-at="2021-06-26T06:06:41 UTC">
          <reporter-output>
          </reporter-output>
        </test-method> <!-- aftermethod -->
      </class> <!-- test.LoginTest -->
    </test> <!-- application -->
  </suite> <!-- Suite -->
</testng-results>
